Compiling the C compiler identification source file "CMakeCCompilerId.c" failed.
Compiler: /usr/bin/cc 
Build flags: 
Id flags:  

The output was:
69


Agreeing to the Xcode/iOS license requires admin privileges, please run “sudo xcodebuild -license” and then retry this command.




Compiling the C compiler identification source file "CMakeCCompilerId.c" failed.
Compiler: /usr/bin/cc 
Build flags: 
Id flags: -c 

The output was:
69


Agreeing to the Xcode/iOS license requires admin privileges, please run “sudo xcodebuild -license” and then retry this command.




Compiling the C compiler identification source file "CMakeCCompilerId.c" failed.
Compiler: /usr/bin/cc 
Build flags: 
Id flags: -Aa 

The output was:
69


Agreeing to the Xcode/iOS license requires admin privileges, please run “sudo xcodebuild -license” and then retry this command.




Compiling the C compiler identification source file "CMakeCCompilerId.c" failed.
Compiler: /usr/bin/cc 
Build flags: 
Id flags: -D__CLASSIC_C__ 

The output was:
69


Agreeing to the Xcode/iOS license requires admin privileges, please run “sudo xcodebuild -license” and then retry this command.




Checking whether the C compiler is IAR using "" did not match "IAR .+ Compiler":


Agreeing to the Xcode/iOS license requires admin privileges, please run “sudo xcodebuild -license” and then retry this command.


Compiling the CXX compiler identification source file "CMakeCXXCompilerId.cpp" failed.
Compiler: /usr/bin/c++ 
Build flags: 
Id flags:  

The output was:
69


Agreeing to the Xcode/iOS license requires admin privileges, please run “sudo xcodebuild -license” and then retry this command.




Compiling the CXX compiler identification source file "CMakeCXXCompilerId.cpp" failed.
Compiler: /usr/bin/c++ 
Build flags: 
Id flags: -c 

The output was:
69


Agreeing to the Xcode/iOS license requires admin privileges, please run “sudo xcodebuild -license” and then retry this command.




Checking whether the CXX compiler is IAR using "" did not match "IAR .+ Compiler":


Agreeing to the Xcode/iOS license requires admin privileges, please run “sudo xcodebuild -license” and then retry this command.


Determining if the C compiler works failed with the following output:
Change Dir: /Users/cypress/Works/dtrace-v1.0/dltrace/CMakeFiles/CMakeTmp

Run Build Command:"/usr/bin/make" "cmTC_14285/fast"


Agreeing to the Xcode/iOS license requires admin privileges, please run “sudo xcodebuild -license” and then retry this command.




